0 info it worked if it ends with ok
1 verbose cli [ '/home/ubuntu/.nvm/versions/node/v6.10.3/bin/node',
1 verbose cli   '/home/ubuntu/.nvm/versions/node/v6.10.3/bin/npm',
1 verbose cli   'run',
1 verbose cli   'dev' ]
2 info using npm@3.10.10
3 info using node@v6.10.3
4 verbose run-script [ 'predev', 'dev', 'postdev' ]
5 info lifecycle timestamp@1.0.0~predev: timestamp@1.0.0
6 silly lifecycle timestamp@1.0.0~predev: no script for predev, continuing
7 info lifecycle timestamp@1.0.0~dev: timestamp@1.0.0
8 verbose lifecycle timestamp@1.0.0~dev: unsafe-perm in lifecycle true
9 verbose lifecycle timestamp@1.0.0~dev: PATH: /home/ubuntu/.nvm/versions/node/v6.10.3/lib/node_modules/npm/bin/node-gyp-bin:/home/ubuntu/workspace/timestamp/node_modules/.bin:/home/ubuntu/.nvm/versions/node/v6.10.3/bin:/usr/local/rvm/gems/ruby-2.3.0/bin:/usr/local/rvm/gems/ruby-2.3.0@global/bin:/usr/local/rvm/rubies/ruby-2.3.0/bin:/mnt/shared/bin:/home/ubuntu/workspace/node_modules/.bin:/home/ubuntu/bin:/usr/local/sbin:/usr/local/bin:/usr/sbin:/usr/bin:/sbin:/bin:/mnt/shared/sbin:/opt/gitl:/opt/go/bin:/mnt/shared/c9/app.nw/bin:/usr/local/rvm/bin
10 verbose lifecycle timestamp@1.0.0~dev: CWD: /home/ubuntu/workspace/timestamp
11 silly lifecycle timestamp@1.0.0~dev: Args: [ '-c', 'node server.js' ]
12 silly lifecycle timestamp@1.0.0~dev: Returned: code: 1  signal: null
13 info lifecycle timestamp@1.0.0~dev: Failed to exec dev script
14 verbose stack Error: timestamp@1.0.0 dev: `node server.js`
14 verbose stack Exit status 1
14 verbose stack     at EventEmitter.<anonymous> (/home/ubuntu/.nvm/versions/node/v6.10.3/lib/node_modules/npm/lib/utils/lifecycle.js:255:16)
14 verbose stack     at emitTwo (events.js:106:13)
14 verbose stack     at EventEmitter.emit (events.js:191:7)
14 verbose stack     at ChildProcess.<anonymous> (/home/ubuntu/.nvm/versions/node/v6.10.3/lib/node_modules/npm/lib/utils/spawn.js:40:14)
14 verbose stack     at emitTwo (events.js:106:13)
14 verbose stack     at ChildProcess.emit (events.js:191:7)
14 verbose stack     at maybeClose (internal/child_process.js:886:16)
14 verbose stack     at Process.ChildProcess._handle.onexit (internal/child_process.js:226:5)
15 verbose pkgid timestamp@1.0.0
16 verbose cwd /home/ubuntu/workspace/timestamp
17 error Linux 4.9.17-c9
18 error argv "/home/ubuntu/.nvm/versions/node/v6.10.3/bin/node" "/home/ubuntu/.nvm/versions/node/v6.10.3/bin/npm" "run" "dev"
19 error node v6.10.3
20 error npm  v3.10.10
21 error code ELIFECYCLE
22 error timestamp@1.0.0 dev: `node server.js`
22 error Exit status 1
23 error Failed at the timestamp@1.0.0 dev script 'node server.js'.
23 error Make sure you have the latest version of node.js and npm installed.
23 error If you do, this is most likely a problem with the timestamp package,
23 error not with npm itself.
23 error Tell the author that this fails on your system:
23 error     node server.js
23 error You can get information on how to open an issue for this project with:
23 error     npm bugs timestamp
23 error Or if that isn't available, you can get their info via:
23 error     npm owner ls timestamp
23 error There is likely additional logging output above.
24 verbose exit [ 1, true ]
